<?xml version="1.0" encoding="UTF-8"?>
<testng-results skipped="0" failed="0" ignored="0" total="1" passed="1">
  <reporter-output>
  </reporter-output>
  <suite name="Default suite" duration-ms="47" started-at="2020-02-26T02:21:49Z" finished-at="2020-02-26T02:21:49Z">
    <groups>
    </groups>
    <test name="Default test" duration-ms="47" started-at="2020-02-26T02:21:49Z" finished-at="2020-02-26T02:21:49Z">
      <class name="com.zwz.test.javamall.TestNgStudy1">
        <test-method status="PASS" signature="beforeMethod()[pri:0, instance:com.zwz.test.javamall.TestNgStudy1@3532ec19]" name="beforeMethod" is-config="true" duration-ms="7" started-at="2020-02-26T02:21:49Z" finished-at="2020-02-26T02:21:49Z">
          <reporter-output>
          </reporter-output>
        </test-method> <!-- beforeMethod -->
        <test-method status="PASS" signature="f()[pri:0, instance:com.zwz.test.javamall.TestNgStudy1@3532ec19]" name="f" duration-ms="6" started-at="2020-02-26T02:21:49Z" finished-at="2020-02-26T02:21:49Z">
          <reporter-output>
          </reporter-output>
        </test-method> <!-- f -->
        <test-method status="PASS" signature="afterMethod()[pri:0, instance:com.zwz.test.javamall.TestNgStudy1@3532ec19]" name="afterMethod" is-config="true" duration-ms="2" started-at="2020-02-26T02:21:49Z" finished-at="2020-02-26T02:21:49Z">
          <reporter-output>
          </reporter-output>
        </test-method> <!-- afterMethod -->
      </class> <!-- com.zwz.test.javamall.TestNgStudy1 -->
    </test> <!-- Default test -->
  </suite> <!-- Default suite -->
</testng-results>
